    2022-09-29 09:04:08.510  INFO 10228 --- [main] c.example.SpringBootWebTestApplication   : Starting SpringBootWebTestApplication using Java 1.8.0_312 on DESKTOP-LL2A6I5 with PID 10228 (E:\java_s\springBootLearn\springBootWebTest\target\classes started by 86177 in E:\java_s\springBootLearn\springBootWebTest)
2022-09-29 09:04:08.513  INFO 10228 --- [main] c.example.SpringBootWebTestApplication   : No active profile set, falling back to 1 default profile: "default"
2022-09-29 09:04:09.875  INFO 10228 --- [main] o.s.b.w.embedded.tomcat.TomcatWebServer  : Tomcat initialized with port(s): 8080 (http)
2022-09-29 09:04:09.876  INFO 10228 --- [main] o.a.catalina.core.AprLifecycleListener   : Loaded Apache Tomcat Native library [2.0.1] using APR version [1.7.0].
2022-09-29 09:04:09.877  INFO 10228 --- [main] o.a.catalina.core.AprLifecycleListener   : APR capabilities: IPv6 [true], sendfile [true], accept filters [false], random [true], UDS [true].
2022-09-29 09:04:09.877  INFO 10228 --- [main] o.a.catalina.core.AprLifecycleListener   : APR/OpenSSL configuration: useAprConnector [false], useOpenSSL [true]
2022-09-29 09:04:09.886  INFO 10228 --- [main] o.a.catalina.core.AprLifecycleListener   : OpenSSL successfully initialized [OpenSSL 3.0.5 5 Jul 2022]
2022-09-29 09:04:09.896  INFO 10228 --- [main] o.apache.catalina.core.StandardService   : Starting service [Tomcat]
2022-09-29 09:04:09.896  INFO 10228 --- [main] org.apache.catalina.core.StandardEngine  : Starting Servlet engine: [Apache Tomcat/9.0.65]
2022-09-29 09:04:09.997  INFO 10228 --- [main] o.a.c.c.C.[Tomcat].[localhost].[/]       : Initializing Spring embedded WebApplicationContext
2022-09-29 09:04:09.997  INFO 10228 --- [main] w.s.c.ServletWebServerApplicationContext : Root WebApplicationContext: initialization completed in 1436 ms
2022-09-29 09:04:10.258  INFO 10228 --- [main] o.s.b.a.w.s.WelcomePageHandlerMapping    : Adding welcome page template: index
2022-09-29 09:04:10.720  INFO 10228 --- [main] o.s.s.web.DefaultSecurityFilterChain     : Will secure any request with [org.springframework.security.web.session.DisableEncodeUrlFilter@60783105, org.springframework.security.web.context.request.async.WebAsyncManagerIntegrationFilter@1292071f, org.springframework.security.web.context.SecurityContextPersistenceFilter@14823f76, org.springframework.security.web.header.HeaderWriterFilter@eca6a74, org.springframework.security.web.csrf.CsrfFilter@743e66f7, org.springframework.security.web.authentication.logout.LogoutFilter@36a6bea6, org.springframework.security.web.authentication.UsernamePasswordAuthenticationFilter@4339baec, org.springframework.security.web.authentication.ui.DefaultLoginPageGeneratingFilter@4f66ffc8, org.springframework.security.web.authentication.ui.DefaultLogoutPageGeneratingFilter@35d5ac51, org.springframework.security.web.savedrequest.RequestCacheAwareFilter@6ed16657, org.springframework.security.web.servletapi.SecurityContextHolderAwareRequestFilter@1bc49bc5, org.springframework.security.web.authentication.AnonymousAuthenticationFilter@b606cb6, org.springframework.security.web.session.SessionManagementFilter@48840594, org.springframework.security.web.access.ExceptionTranslationFilter@1e43e323, org.springframework.security.web.access.intercept.FilterSecurityInterceptor@292158f8]
2022-09-29 09:04:10.822  INFO 10228 --- [main] o.s.b.w.embedded.tomcat.TomcatWebServer  : Tomcat started on port(s): 8080 (http) with context path ''
2022-09-29 09:04:10.832  INFO 10228 --- [main] c.example.SpringBootWebTestApplication   : Started SpringBootWebTestApplication in 2.883 seconds (JVM running for 4.873)
2022-09-29 09:38:15.461  INFO 8616 --- [main] c.example.SpringBootWebTestApplication   : Starting SpringBootWebTestApplication using Java 1.8.0_312 on DESKTOP-LL2A6I5 with PID 8616 (E:\java_s\springBootLearn\springBootWebTest\target\classes started by 86177 in E:\java_s\springBootLearn\springBootWebTest)
2022-09-29 09:38:15.465  INFO 8616 --- [main] c.example.SpringBootWebTestApplication   : No active profile set, falling back to 1 default profile: "default"
2022-09-29 09:38:16.517  INFO 8616 --- [main] o.s.b.w.embedded.tomcat.TomcatWebServer  : Tomcat initialized with port(s): 8080 (http)
2022-09-29 09:38:16.518  INFO 8616 --- [main] o.a.catalina.core.AprLifecycleListener   : Loaded Apache Tomcat Native library [2.0.1] using APR version [1.7.0].
2022-09-29 09:38:16.518  INFO 8616 --- [main] o.a.catalina.core.AprLifecycleListener   : APR capabilities: IPv6 [true], sendfile [true], accept filters [false], random [true], UDS [true].
2022-09-29 09:38:16.518  INFO 8616 --- [main] o.a.catalina.core.AprLifecycleListener   : APR/OpenSSL configuration: useAprConnector [false], useOpenSSL [true]
2022-09-29 09:38:16.523  INFO 8616 --- [main] o.a.catalina.core.AprLifecycleListener   : OpenSSL successfully initialized [OpenSSL 3.0.5 5 Jul 2022]
2022-09-29 09:38:16.531  INFO 8616 --- [main] o.apache.catalina.core.StandardService   : Starting service [Tomcat]
2022-09-29 09:38:16.531  INFO 8616 --- [main] org.apache.catalina.core.StandardEngine  : Starting Servlet engine: [Apache Tomcat/9.0.65]
2022-09-29 09:38:16.623  INFO 8616 --- [main] o.a.c.c.C.[Tomcat].[localhost].[/]       : Initializing Spring embedded WebApplicationContext
2022-09-29 09:38:16.623  INFO 8616 --- [main] w.s.c.ServletWebServerApplicationContext : Root WebApplicationContext: initialization completed in 1114 ms
2022-09-29 09:38:16.837  INFO 8616 --- [main] o.s.b.a.w.s.WelcomePageHandlerMapping    : Adding welcome page template: index
2022-09-29 09:38:17.336  INFO 8616 --- [main] o.s.s.web.DefaultSecurityFilterChain     : Will secure any request with [org.springframework.security.web.session.DisableEncodeUrlFilter@62db3891, org.springframework.security.web.context.request.async.WebAsyncManagerIntegrationFilter@61cd1c71, org.springframework.security.web.context.SecurityContextPersistenceFilter@3ad4a7d6, org.springframework.security.web.header.HeaderWriterFilter@36cc9385, org.springframework.security.web.csrf.CsrfFilter@360bc645, org.springframework.security.web.authentication.logout.LogoutFilter@24e83d19, org.springframework.security.web.authentication.UsernamePasswordAuthenticationFilter@64984b0f, org.springframework.security.web.authentication.ui.DefaultLoginPageGeneratingFilter@6917bb4, org.springframework.security.web.authentication.ui.DefaultLogoutPageGeneratingFilter@6724cdec, org.springframework.security.web.savedrequest.RequestCacheAwareFilter@4a67b4ec, org.springframework.security.web.servletapi.SecurityContextHolderAwareRequestFilter@49c675f0, org.springframework.security.web.authentication.AnonymousAuthenticationFilter@6944e53e, org.springframework.security.web.session.SessionManagementFilter@7915bca3, org.springframework.security.web.access.ExceptionTranslationFilter@1d23ff23, org.springframework.security.web.access.intercept.FilterSecurityInterceptor@78e22d35]
2022-09-29 09:38:17.437  INFO 8616 --- [main] o.s.b.w.embedded.tomcat.TomcatWebServer  : Tomcat started on port(s): 8080 (http) with context path ''
2022-09-29 09:38:17.449  INFO 8616 --- [main] c.example.SpringBootWebTestApplication   : Started SpringBootWebTestApplication in 2.501 seconds (JVM running for 3.555)
2022-09-29 09:39:30.585  INFO 12348 --- [main] c.example.SpringBootWebTestApplication   : Starting SpringBootWebTestApplication using Java 1.8.0_312 on DESKTOP-LL2A6I5 with PID 12348 (E:\java_s\springBootLearn\springBootWebTest\target\classes started by 86177 in E:\java_s\springBootLearn\springBootWebTest)
2022-09-29 09:39:30.588  INFO 12348 --- [main] c.example.SpringBootWebTestApplication   : No active profile set, falling back to 1 default profile: "default"
2022-09-29 09:39:31.617  INFO 12348 --- [main] o.s.b.w.embedded.tomcat.TomcatWebServer  : Tomcat initialized with port(s): 8080 (http)
2022-09-29 09:39:31.618  INFO 12348 --- [main] o.a.catalina.core.AprLifecycleListener   : Loaded Apache Tomcat Native library [2.0.1] using APR version [1.7.0].
2022-09-29 09:39:31.619  INFO 12348 --- [main] o.a.catalina.core.AprLifecycleListener   : APR capabilities: IPv6 [true], sendfile [true], accept filters [false], random [true], UDS [true].
2022-09-29 09:39:31.619  INFO 12348 --- [main] o.a.catalina.core.AprLifecycleListener   : APR/OpenSSL configuration: useAprConnector [false], useOpenSSL [true]
2022-09-29 09:39:31.623  INFO 12348 --- [main] o.a.catalina.core.AprLifecycleListener   : OpenSSL successfully initialized [OpenSSL 3.0.5 5 Jul 2022]
2022-09-29 09:39:31.631  INFO 12348 --- [main] o.apache.catalina.core.StandardService   : Starting service [Tomcat]
2022-09-29 09:39:31.632  INFO 12348 --- [main] org.apache.catalina.core.StandardEngine  : Starting Servlet engine: [Apache Tomcat/9.0.65]
2022-09-29 09:39:31.724  INFO 12348 --- [main] o.a.c.c.C.[Tomcat].[localhost].[/]       : Initializing Spring embedded WebApplicationContext
2022-09-29 09:39:31.724  INFO 12348 --- [main] w.s.c.ServletWebServerApplicationContext : Root WebApplicationContext: initialization completed in 1086 ms
2022-09-29 09:39:31.942  INFO 12348 --- [main] o.s.b.a.w.s.WelcomePageHandlerMapping    : Adding welcome page template: index
2022-09-29 09:39:32.392  INFO 12348 --- [main] o.s.s.web.DefaultSecurityFilterChain     : Will secure any request with [org.springframework.security.web.session.DisableEncodeUrlFilter@1292071f, org.springframework.security.web.context.request.async.WebAsyncManagerIntegrationFilter@35d5ac51, org.springframework.security.web.context.SecurityContextPersistenceFilter@6917bb4, org.springframework.security.web.header.HeaderWriterFilter@79fd6f95, org.springframework.security.web.csrf.CsrfFilter@109a2025, org.springframework.security.web.authentication.logout.LogoutFilter@44e93c1f, org.springframework.security.web.authentication.UsernamePasswordAuthenticationFilter@62db3891, org.springframework.security.web.authentication.ui.DefaultLoginPageGeneratingFilter@124ac145, org.springframework.security.web.authentication.ui.DefaultLogoutPageGeneratingFilter@b606cb6, org.springframework.security.web.savedrequest.RequestCacheAwareFilter@1442f788, org.springframework.security.web.servletapi.SecurityContextHolderAwareRequestFilter@7b6e5c12, org.springframework.security.web.authentication.AnonymousAuthenticationFilter@2a3194c6, org.springframework.security.web.session.SessionManagementFilter@49c675f0, org.springframework.security.web.access.ExceptionTranslationFilter@4a67b4ec, org.springframework.security.web.access.intercept.FilterSecurityInterceptor@53ec2968]
2022-09-29 09:39:32.480  INFO 12348 --- [main] o.s.b.w.embedded.tomcat.TomcatWebServer  : Tomcat started on port(s): 8080 (http) with context path ''
2022-09-29 09:39:32.490  INFO 12348 --- [main] c.example.SpringBootWebTestApplication   : Started SpringBootWebTestApplication in 2.386 seconds (JVM running for 3.389)
2022-09-29 09:44:54.269  INFO 16448 --- [main] c.example.SpringBootWebTestApplication   : Starting SpringBootWebTestApplication using Java 1.8.0_312 on DESKTOP-LL2A6I5 with PID 16448 (E:\java_s\springBootLearn\springBootWebTest\target\classes started by 86177 in E:\java_s\springBootLearn\springBootWebTest)
2022-09-29 09:44:54.275  INFO 16448 --- [main] c.example.SpringBootWebTestApplication   : No active profile set, falling back to 1 default profile: "default"
2022-09-29 09:44:55.700  INFO 16448 --- [main] o.s.b.w.embedded.tomcat.TomcatWebServer  : Tomcat initialized with port(s): 8080 (http)
2022-09-29 09:44:55.701  INFO 16448 --- [main] o.a.catalina.core.AprLifecycleListener   : Loaded Apache Tomcat Native library [2.0.1] using APR version [1.7.0].
2022-09-29 09:44:55.701  INFO 16448 --- [main] o.a.catalina.core.AprLifecycleListener   : APR capabilities: IPv6 [true], sendfile [true], accept filters [false], random [true], UDS [true].
2022-09-29 09:44:55.702  INFO 16448 --- [main] o.a.catalina.core.AprLifecycleListener   : APR/OpenSSL configuration: useAprConnector [false], useOpenSSL [true]
2022-09-29 09:44:55.707  INFO 16448 --- [main] o.a.catalina.core.AprLifecycleListener   : OpenSSL successfully initialized [OpenSSL 3.0.5 5 Jul 2022]
2022-09-29 09:44:55.718  INFO 16448 --- [main] o.apache.catalina.core.StandardService   : Starting service [Tomcat]
2022-09-29 09:44:55.719  INFO 16448 --- [main] org.apache.catalina.core.StandardEngine  : Starting Servlet engine: [Apache Tomcat/9.0.65]
2022-09-29 09:44:55.823  INFO 16448 --- [main] o.a.c.c.C.[Tomcat].[localhost].[/]       : Initializing Spring embedded WebApplicationContext
2022-09-29 09:44:55.823  INFO 16448 --- [main] w.s.c.ServletWebServerApplicationContext : Root WebApplicationContext: initialization completed in 1470 ms
2022-09-29 09:44:56.121  INFO 16448 --- [main] o.s.b.a.w.s.WelcomePageHandlerMapping    : Adding welcome page template: index
2022-09-29 09:44:56.617  INFO 16448 --- [main] o.s.s.web.DefaultSecurityFilterChain     : Will secure any request with [org.springframework.security.web.session.DisableEncodeUrlFilter@1a4d1ab7, org.springframework.security.web.context.request.async.WebAsyncManagerIntegrationFilter@546e61d5, org.springframework.security.web.context.SecurityContextPersistenceFilter@79fd6f95, org.springframework.security.web.header.HeaderWriterFilter@4a67b4ec, org.springframework.security.web.csrf.CsrfFilter@7342e05d, org.springframework.security.web.authentication.logout.LogoutFilter@4af70944, org.springframework.security.web.authentication.UsernamePasswordAuthenticationFilter@6f49d153, org.springframework.security.web.authentication.ui.DefaultLoginPageGeneratingFilter@7a04fea7, org.springframework.security.web.authentication.ui.DefaultLogoutPageGeneratingFilter@4674d90, org.springframework.security.web.savedrequest.RequestCacheAwareFilter@49c675f0, org.springframework.security.web.servletapi.SecurityContextHolderAwareRequestFilter@1c7f96b1, org.springframework.security.web.authentication.AnonymousAuthenticationFilter@60783105, org.springframework.security.web.session.SessionManagementFilter@f91da5e, org.springframework.security.web.access.ExceptionTranslationFilter@7915bca3, org.springframework.security.web.access.intercept.FilterSecurityInterceptor@1deceb67]
2022-09-29 09:44:56.752  INFO 16448 --- [main] o.s.b.w.embedded.tomcat.TomcatWebServer  : Tomcat started on port(s): 8080 (http) with context path ''
2022-09-29 09:44:56.767  INFO 16448 --- [main] c.example.SpringBootWebTestApplication   : Started SpringBootWebTestApplication in 3.074 seconds (JVM running for 4.164)
2022-09-29 09:45:31.931  INFO 11312 --- [main] c.example.SpringBootWebTestApplication   : Starting SpringBootWebTestApplication using Java 1.8.0_312 on DESKTOP-LL2A6I5 with PID 11312 (E:\java_s\springBootLearn\springBootWebTest\target\classes started by 86177 in E:\java_s\springBootLearn\springBootWebTest)
2022-09-29 09:45:31.937  INFO 11312 --- [main] c.example.SpringBootWebTestApplication   : No active profile set, falling back to 1 default profile: "default"
2022-09-29 09:45:33.193  INFO 11312 --- [main] o.s.b.w.embedded.tomcat.TomcatWebServer  : Tomcat initialized with port(s): 8080 (http)
2022-09-29 09:45:33.194  INFO 11312 --- [main] o.a.catalina.core.AprLifecycleListener   : Loaded Apache Tomcat Native library [2.0.1] using APR version [1.7.0].
2022-09-29 09:45:33.194  INFO 11312 --- [main] o.a.catalina.core.AprLifecycleListener   : APR capabilities: IPv6 [true], sendfile [true], accept filters [false], random [true], UDS [true].
2022-09-29 09:45:33.194  INFO 11312 --- [main] o.a.catalina.core.AprLifecycleListener   : APR/OpenSSL configuration: useAprConnector [false], useOpenSSL [true]
2022-09-29 09:45:33.199  INFO 11312 --- [main] o.a.catalina.core.AprLifecycleListener   : OpenSSL successfully initialized [OpenSSL 3.0.5 5 Jul 2022]
2022-09-29 09:45:33.208  INFO 11312 --- [main] o.apache.catalina.core.StandardService   : Starting service [Tomcat]
2022-09-29 09:45:33.209  INFO 11312 --- [main] org.apache.catalina.core.StandardEngine  : Starting Servlet engine: [Apache Tomcat/9.0.65]
2022-09-29 09:45:33.302  INFO 11312 --- [main] o.a.c.c.C.[Tomcat].[localhost].[/]       : Initializing Spring embedded WebApplicationContext
2022-09-29 09:45:33.302  INFO 11312 --- [main] w.s.c.ServletWebServerApplicationContext : Root WebApplicationContext: initialization completed in 1312 ms
2022-09-29 09:45:33.618  INFO 11312 --- [main] o.s.b.a.w.s.WelcomePageHandlerMapping    : Adding welcome page template: index
2022-09-29 09:45:34.218  INFO 11312 --- [main] o.s.s.web.DefaultSecurityFilterChain     : Will secure any request with [org.springframework.security.web.session.DisableEncodeUrlFilter@6944e53e, org.springframework.security.web.context.request.async.WebAsyncManagerIntegrationFilter@52e04737, org.springframework.security.web.context.SecurityContextPersistenceFilter@10643593, org.springframework.security.web.header.HeaderWriterFilter@68d651f2, org.springframework.security.web.csrf.CsrfFilter@70c53dbe, org.springframework.security.web.authentication.logout.LogoutFilter@4ee6291f, org.springframework.security.web.authentication.UsernamePasswordAuthenticationFilter@58ff8d79, org.springframework.security.web.authentication.ui.DefaultLoginPageGeneratingFilter@113e13f9, org.springframework.security.web.authentication.ui.DefaultLogoutPageGeneratingFilter@5bc7e78e, org.springframework.security.web.savedrequest.RequestCacheAwareFilter@eca6a74, org.springframework.security.web.servletapi.SecurityContextHolderAwareRequestFilter@6ed16657, org.springframework.security.web.authentication.AnonymousAuthenticationFilter@1a4d1ab7, org.springframework.security.web.session.SessionManagementFilter@1e43e323, org.springframework.security.web.access.ExceptionTranslationFilter@3414a8c3, org.springframework.security.web.access.intercept.FilterSecurityInterceptor@1aabf50d]
2022-09-29 09:45:34.370  INFO 11312 --- [main] o.s.b.w.embedded.tomcat.TomcatWebServer  : Tomcat started on port(s): 8080 (http) with context path ''
2022-09-29 09:45:34.382  INFO 11312 --- [main] c.example.SpringBootWebTestApplication   : Started SpringBootWebTestApplication in 3.094 seconds (JVM running for 4.161)
2022-09-29 09:46:17.805  INFO 11312 --- [http-nio-8080-exec-1] o.a.c.c.C.[Tomcat].[localhost].[/]       : Initializing Spring DispatcherServlet 'dispatcherServlet'
2022-09-29 09:46:17.805  INFO 11312 --- [http-nio-8080-exec-1] o.s.web.servlet.DispatcherServlet        : Initializing Servlet 'dispatcherServlet'
2022-09-29 09:46:17.806  INFO 11312 --- [http-nio-8080-exec-1] o.s.web.servlet.DispatcherServlet        : Completed initialization in 1 ms
2022-09-29 09:46:30.905  WARN 11312 --- [http-nio-8080-exec-5] o.s.web.servlet.PageNotFound             : No mapping for GET /favicon.ico
2022-09-29 09:50:13.375  INFO 15592 --- [main] c.example.SpringBootWebTestApplication   : Starting SpringBootWebTestApplication using Java 1.8.0_312 on DESKTOP-LL2A6I5 with PID 15592 (E:\java_s\springBootLearn\springBootWebTest\target\classes started by 86177 in E:\java_s\springBootLearn\springBootWebTest)
2022-09-29 09:50:13.380  INFO 15592 --- [main] c.example.SpringBootWebTestApplication   : No active profile set, falling back to 1 default profile: "default"
2022-09-29 09:50:14.503  INFO 15592 --- [main] o.s.b.w.embedded.tomcat.TomcatWebServer  : Tomcat initialized with port(s): 8080 (http)
2022-09-29 09:50:14.505  INFO 15592 --- [main] o.a.catalina.core.AprLifecycleListener   : Loaded Apache Tomcat Native library [2.0.1] using APR version [1.7.0].
2022-09-29 09:50:14.505  INFO 15592 --- [main] o.a.catalina.core.AprLifecycleListener   : APR capabilities: IPv6 [true], sendfile [true], accept filters [false], random [true], UDS [true].
2022-09-29 09:50:14.506  INFO 15592 --- [main] o.a.catalina.core.AprLifecycleListener   : APR/OpenSSL configuration: useAprConnector [false], useOpenSSL [true]
2022-09-29 09:50:14.510  INFO 15592 --- [main] o.a.catalina.core.AprLifecycleListener   : OpenSSL successfully initialized [OpenSSL 3.0.5 5 Jul 2022]
2022-09-29 09:50:14.519  INFO 15592 --- [main] o.apache.catalina.core.StandardService   : Starting service [Tomcat]
2022-09-29 09:50:14.519  INFO 15592 --- [main] org.apache.catalina.core.StandardEngine  : Starting Servlet engine: [Apache Tomcat/9.0.65]
2022-09-29 09:50:14.613  INFO 15592 --- [main] o.a.c.c.C.[Tomcat].[localhost].[/]       : Initializing Spring embedded WebApplicationContext
2022-09-29 09:50:14.614  INFO 15592 --- [main] w.s.c.ServletWebServerApplicationContext : Root WebApplicationContext: initialization completed in 1175 ms
2022-09-29 09:50:14.848  INFO 15592 --- [main] o.s.b.a.w.s.WelcomePageHandlerMapping    : Adding welcome page template: index
2022-09-29 09:50:15.393  INFO 15592 --- [main] o.s.s.web.DefaultSecurityFilterChain     : Will secure any request with [org.springframework.security.web.session.DisableEncodeUrlFilter@5b3a7ef5, org.springframework.security.web.context.request.async.WebAsyncManagerIntegrationFilter@8851ce1, org.springframework.security.web.context.SecurityContextPersistenceFilter@35267fd4, org.springframework.security.web.header.HeaderWriterFilter@4ee6291f, org.springframework.security.web.csrf.CsrfFilter@79fd6f95, org.springframework.security.web.authentication.logout.LogoutFilter@858d8b4, org.springframework.security.web.authentication.UsernamePasswordAuthenticationFilter@7a729f84, org.springframework.security.web.authentication.ui.DefaultLoginPageGeneratingFilter@7903d448, org.springframework.security.web.authentication.ui.DefaultLogoutPageGeneratingFilter@2d9dff65, org.springframework.security.web.savedrequest.RequestCacheAwareFilter@36a6bea6, org.springframework.security.web.servletapi.SecurityContextHolderAwareRequestFilter@7c36db44, org.springframework.security.web.authentication.AnonymousAuthenticationFilter@5ef6fd7f, org.springframework.security.web.session.SessionManagementFilter@37e0292a, org.springframework.security.web.access.ExceptionTranslationFilter@2def7a7a, org.springframework.security.web.access.intercept.FilterSecurityInterceptor@35d5ac51]
2022-09-29 09:50:15.512  INFO 15592 --- [main] o.s.b.w.embedded.tomcat.TomcatWebServer  : Tomcat started on port(s): 8080 (http) with context path ''
2022-09-29 09:50:15.525  INFO 15592 --- [main] c.example.SpringBootWebTestApplication   : Started SpringBootWebTestApplication in 2.869 seconds (JVM running for 3.832)
2022-09-29 09:53:56.438  INFO 14644 --- [main] c.example.SpringBootWebTestApplication   : Starting SpringBootWebTestApplication using Java 1.8.0_312 on DESKTOP-LL2A6I5 with PID 14644 (E:\java_s\springBootLearn\springBootWebTest\target\classes started by 86177 in E:\java_s\springBootLearn\springBootWebTest)
2022-09-29 09:53:56.442  INFO 14644 --- [main] c.example.SpringBootWebTestApplication   : No active profile set, falling back to 1 default profile: "default"
2022-09-29 09:53:57.706  INFO 14644 --- [main] o.s.b.w.embedded.tomcat.TomcatWebServer  : Tomcat initialized with port(s): 8080 (http)
2022-09-29 09:53:57.707  INFO 14644 --- [main] o.a.catalina.core.AprLifecycleListener   : Loaded Apache Tomcat Native library [2.0.1] using APR version [1.7.0].
2022-09-29 09:53:57.708  INFO 14644 --- [main] o.a.catalina.core.AprLifecycleListener   : APR capabilities: IPv6 [true], sendfile [true], accept filters [false], random [true], UDS [true].
2022-09-29 09:53:57.708  INFO 14644 --- [main] o.a.catalina.core.AprLifecycleListener   : APR/OpenSSL configuration: useAprConnector [false], useOpenSSL [true]
2022-09-29 09:53:57.713  INFO 14644 --- [main] o.a.catalina.core.AprLifecycleListener   : OpenSSL successfully initialized [OpenSSL 3.0.5 5 Jul 2022]
2022-09-29 09:53:57.722  INFO 14644 --- [main] o.apache.catalina.core.StandardService   : Starting service [Tomcat]
2022-09-29 09:53:57.723  INFO 14644 --- [main] org.apache.catalina.core.StandardEngine  : Starting Servlet engine: [Apache Tomcat/9.0.65]
2022-09-29 09:53:57.830  INFO 14644 --- [main] o.a.c.c.C.[Tomcat].[localhost].[/]       : Initializing Spring embedded WebApplicationContext
2022-09-29 09:53:57.830  INFO 14644 --- [main] w.s.c.ServletWebServerApplicationContext : Root WebApplicationContext: initialization completed in 1337 ms
2022-09-29 09:53:58.161  INFO 14644 --- [main] o.s.b.a.w.s.WelcomePageHandlerMapping    : Adding welcome page template: index
2022-09-29 09:53:58.672  INFO 14644 --- [main] o.s.s.web.DefaultSecurityFilterChain     : Will secure any request with [org.springframework.security.web.session.DisableEncodeUrlFilter@34d52ecd, org.springframework.security.web.context.request.async.WebAsyncManagerIntegrationFilter@5d21202d, org.springframework.security.web.context.SecurityContextPersistenceFilter@a62c7cd, org.springframework.security.web.header.HeaderWriterFilter@36a6bea6, org.springframework.security.web.csrf.CsrfFilter@1442f788, org.springframework.security.web.authentication.logout.LogoutFilter@7718a40f, org.springframework.security.web.authentication.UsernamePasswordAuthenticationFilter@761e788f, org.springframework.security.web.authentication.ui.DefaultLoginPageGeneratingFilter@65a48602, org.springframework.security.web.authentication.ui.DefaultLogoutPageGeneratingFilter@14b789f6, org.springframework.security.web.savedrequest.RequestCacheAwareFilter@7c36db44, org.springframework.security.web.servletapi.SecurityContextHolderAwareRequestFilter@1f0b3cfe, org.springframework.security.web.authentication.AnonymousAuthenticationFilter@6eb17ec8, org.springframework.security.web.session.SessionManagementFilter@42373389, org.springframework.security.web.access.ExceptionTranslationFilter@37e0292a, org.springframework.security.web.access.intercept.FilterSecurityInterceptor@1e8ab90f]
2022-09-29 09:53:58.762  INFO 14644 --- [main] o.s.b.w.embedded.tomcat.TomcatWebServer  : Tomcat started on port(s): 8080 (http) with context path ''
2022-09-29 09:53:58.772  INFO 14644 --- [main] c.example.SpringBootWebTestApplication   : Started SpringBootWebTestApplication in 3.044 seconds (JVM running for 4.028)
2022-09-29 09:55:39.329  INFO 10924 --- [main] c.example.SpringBootWebTestApplication   : Starting SpringBootWebTestApplication using Java 1.8.0_312 on DESKTOP-LL2A6I5 with PID 10924 (E:\java_s\springBootLearn\springBootWebTest\target\classes started by 86177 in E:\java_s\springBootLearn\springBootWebTest)
2022-09-29 09:55:39.332  INFO 10924 --- [main] c.example.SpringBootWebTestApplication   : No active profile set, falling back to 1 default profile: "default"
2022-09-29 09:55:40.358  INFO 10924 --- [main] o.s.b.w.embedded.tomcat.TomcatWebServer  : Tomcat initialized with port(s): 8080 (http)
2022-09-29 09:55:40.359  INFO 10924 --- [main] o.a.catalina.core.AprLifecycleListener   : Loaded Apache Tomcat Native library [2.0.1] using APR version [1.7.0].
2022-09-29 09:55:40.359  INFO 10924 --- [main] o.a.catalina.core.AprLifecycleListener   : APR capabilities: IPv6 [true], sendfile [true], accept filters [false], random [true], UDS [true].
2022-09-29 09:55:40.359  INFO 10924 --- [main] o.a.catalina.core.AprLifecycleListener   : APR/OpenSSL configuration: useAprConnector [false], useOpenSSL [true]
2022-09-29 09:55:40.364  INFO 10924 --- [main] o.a.catalina.core.AprLifecycleListener   : OpenSSL successfully initialized [OpenSSL 3.0.5 5 Jul 2022]
2022-09-29 09:55:40.373  INFO 10924 --- [main] o.apache.catalina.core.StandardService   : Starting service [Tomcat]
2022-09-29 09:55:40.373  INFO 10924 --- [main] org.apache.catalina.core.StandardEngine  : Starting Servlet engine: [Apache Tomcat/9.0.65]
2022-09-29 09:55:40.468  INFO 10924 --- [main] o.a.c.c.C.[Tomcat].[localhost].[/]       : Initializing Spring embedded WebApplicationContext
2022-09-29 09:55:40.468  INFO 10924 --- [main] w.s.c.ServletWebServerApplicationContext : Root WebApplicationContext: initialization completed in 1096 ms
2022-09-29 09:55:40.698  INFO 10924 --- [main] o.s.b.a.w.s.WelcomePageHandlerMapping    : Adding welcome page template: index
2022-09-29 09:55:41.093  INFO 10924 --- [main] o.s.s.web.DefaultSecurityFilterChain     : Will secure any request with [org.springframework.security.web.session.DisableEncodeUrlFilter@6a472566, org.springframework.security.web.context.request.async.WebAsyncManagerIntegrationFilter@1907874b, org.springframework.security.web.context.SecurityContextPersistenceFilter@2b03d52f, org.springframework.security.web.header.HeaderWriterFilter@24e83d19, org.springframework.security.web.csrf.CsrfFilter@10643593, org.springframework.security.web.authentication.logout.LogoutFilter@5ec4ff02, org.springframework.security.web.authentication.UsernamePasswordAuthenticationFilter@38bb9d7a, org.springframework.security.web.authentication.ui.DefaultLoginPageGeneratingFilter@7661b5a, org.springframework.security.web.authentication.ui.DefaultLogoutPageGeneratingFilter@5e65afb6, org.springframework.security.web.savedrequest.RequestCacheAwareFilter@4af70944, org.springframework.security.web.servletapi.SecurityContextHolderAwareRequestFilter@9b21bd3, org.springframework.security.web.authentication.AnonymousAuthenticationFilter@5b3a7ef5, org.springframework.security.web.session.SessionManagementFilter@188cbcde, org.springframework.security.web.access.ExceptionTranslationFilter@7b6e5c12, org.springframework.security.web.access.intercept.FilterSecurityInterceptor@4674d90]
2022-09-29 09:55:41.186  INFO 10924 --- [main] o.s.b.w.embedded.tomcat.TomcatWebServer  : Tomcat started on port(s): 8080 (http) with context path ''
2022-09-29 09:55:41.197  INFO 10924 --- [main] c.example.SpringBootWebTestApplication   : Started SpringBootWebTestApplication in 2.477 seconds (JVM running for 3.858)
2022-09-29 09:55:41.458  INFO 10924 --- [http-nio-8080-exec-1] o.a.c.c.C.[Tomcat].[localhost].[/]       : Initializing Spring DispatcherServlet 'dispatcherServlet'
2022-09-29 09:55:41.458  INFO 10924 --- [http-nio-8080-exec-1] o.s.web.servlet.DispatcherServlet        : Initializing Servlet 'dispatcherServlet'
2022-09-29 09:55:41.460  INFO 10924 --- [http-nio-8080-exec-1] o.s.web.servlet.DispatcherServlet        : Completed initialization in 1 ms
2022-09-29 10:09:02.173  INFO 16496 --- [main] c.example.SpringBootWebTestApplication   : Starting SpringBootWebTestApplication using Java 1.8.0_312 on DESKTOP-LL2A6I5 with PID 16496 (E:\java_s\springBootLearn\springBootWebTest\target\classes started by 86177 in E:\java_s\springBootLearn\springBootWebTest)
2022-09-29 10:09:02.175  INFO 16496 --- [main] c.example.SpringBootWebTestApplication   : The following 1 profile is active: "dev;"
2022-09-29 10:09:03.167  INFO 16496 --- [main] o.s.b.w.embedded.tomcat.TomcatWebServer  : Tomcat initialized with port(s): 8080 (http)
2022-09-29 10:09:03.168  INFO 16496 --- [main] o.a.catalina.core.AprLifecycleListener   : Loaded Apache Tomcat Native library [2.0.1] using APR version [1.7.0].
2022-09-29 10:09:03.169  INFO 16496 --- [main] o.a.catalina.core.AprLifecycleListener   : APR capabilities: IPv6 [true], sendfile [true], accept filters [false], random [true], UDS [true].
2022-09-29 10:09:03.169  INFO 16496 --- [main] o.a.catalina.core.AprLifecycleListener   : APR/OpenSSL configuration: useAprConnector [false], useOpenSSL [true]
2022-09-29 10:09:03.174  INFO 16496 --- [main] o.a.catalina.core.AprLifecycleListener   : OpenSSL successfully initialized [OpenSSL 3.0.5 5 Jul 2022]
2022-09-29 10:09:03.182  INFO 16496 --- [main] o.apache.catalina.core.StandardService   : Starting service [Tomcat]
2022-09-29 10:09:03.182  INFO 16496 --- [main] org.apache.catalina.core.StandardEngine  : Starting Servlet engine: [Apache Tomcat/9.0.65]
2022-09-29 10:09:03.275  INFO 16496 --- [main] o.a.c.c.C.[Tomcat].[localhost].[/]       : Initializing Spring embedded WebApplicationContext
2022-09-29 10:09:03.276  INFO 16496 --- [main] w.s.c.ServletWebServerApplicationContext : Root WebApplicationContext: initialization completed in 1062 ms
2022-09-29 10:09:03.502  INFO 16496 --- [main] o.s.b.a.w.s.WelcomePageHandlerMapping    : Adding welcome page template: index
2022-09-29 10:09:03.629  WARN 16496 --- [main] ConfigServletWebServerApplicationContext : Exception encountered during context initialization - cancelling refresh attempt: org.springframework.beans.factory.BeanCreationException: Error creating bean with name 'dataSource' defined in class path resource [org/springframework/boot/autoconfigure/jdbc/DataSourceConfiguration$Hikari.class]: Bean instantiation via factory method failed; nested exception is org.springframework.beans.BeanInstantiationException: Failed to instantiate [com.zaxxer.hikari.HikariDataSource]: Factory method 'dataSource' threw exception; nested exception is org.springframework.boot.autoconfigure.jdbc.DataSourceProperties$DataSourceBeanCreationException: Failed to determine a suitable driver class
2022-09-29 10:09:03.634  INFO 16496 --- [main] o.apache.catalina.core.StandardService   : Stopping service [Tomcat]
2022-09-29 10:09:03.648  INFO 16496 --- [main] ConditionEvaluationReportLoggingListener : 

Error starting ApplicationContext. To display the conditions report re-run your application with 'debug' enabled.
2022-09-29 10:09:03.675 ERROR 16496 --- [main] o.s.b.d.LoggingFailureAnalysisReporter   : 

***************************
APPLICATION FAILED TO START
***************************

Description:

Failed to configure a DataSource: 'url' attribute is not specified and no embedded datasource could be configured.

Reason: Failed to determine a suitable driver class


Action:

Consider the following:
	If you want an embedded database (H2, HSQL or Derby), please put it on the classpath.
	If you have database settings to be loaded from a particular profile you may need to activate it (the profiles dev; are currently active).

2022-09-29 10:09:29.657  INFO 15624 --- [main] c.example.SpringBootWebTestApplication   : Starting SpringBootWebTestApplication using Java 1.8.0_312 on DESKTOP-LL2A6I5 with PID 15624 (E:\java_s\springBootLearn\springBootWebTest\target\classes started by 86177 in E:\java_s\springBootLearn\springBootWebTest)
2022-09-29 10:09:29.659  INFO 15624 --- [main] c.example.SpringBootWebTestApplication   : The following 1 profile is active: "dev"
2022-09-29 10:09:30.642  INFO 15624 --- [main] o.s.b.w.embedded.tomcat.TomcatWebServer  : Tomcat initialized with port(s): 8080 (http)
2022-09-29 10:09:30.642  INFO 15624 --- [main] o.a.catalina.core.AprLifecycleListener   : Loaded Apache Tomcat Native library [2.0.1] using APR version [1.7.0].
2022-09-29 10:09:30.642  INFO 15624 --- [main] o.a.catalina.core.AprLifecycleListener   : APR capabilities: IPv6 [true], sendfile [true], accept filters [false], random [true], UDS [true].
2022-09-29 10:09:30.642  INFO 15624 --- [main] o.a.catalina.core.AprLifecycleListener   : APR/OpenSSL configuration: useAprConnector [false], useOpenSSL [true]
2022-09-29 10:09:30.647  INFO 15624 --- [main] o.a.catalina.core.AprLifecycleListener   : OpenSSL successfully initialized [OpenSSL 3.0.5 5 Jul 2022]
2022-09-29 10:09:30.656  INFO 15624 --- [main] o.apache.catalina.core.StandardService   : Starting service [Tomcat]
2022-09-29 10:09:30.656  INFO 15624 --- [main] org.apache.catalina.core.StandardEngine  : Starting Servlet engine: [Apache Tomcat/9.0.65]
2022-09-29 10:09:30.759  INFO 15624 --- [main] o.a.c.c.C.[Tomcat].[localhost].[/]       : Initializing Spring embedded WebApplicationContext
2022-09-29 10:09:30.759  INFO 15624 --- [main] w.s.c.ServletWebServerApplicationContext : Root WebApplicationContext: initialization completed in 1059 ms
2022-09-29 10:09:30.983  INFO 15624 --- [main] o.s.b.a.w.s.WelcomePageHandlerMapping    : Adding welcome page template: index
2022-09-29 10:09:31.379  INFO 15624 --- [main] o.s.s.web.DefaultSecurityFilterChain     : Will secure any request with [org.springframework.security.web.session.DisableEncodeUrlFilter@5c77ba8f, org.springframework.security.web.context.request.async.WebAsyncManagerIntegrationFilter@660f0c, org.springframework.security.web.context.SecurityContextPersistenceFilter@312b34e3, org.springframework.security.web.header.HeaderWriterFilter@302edb74, org.springframework.security.web.csrf.CsrfFilter@a62c7cd, org.springframework.security.web.authentication.logout.LogoutFilter@14982a82, org.springframework.security.web.authentication.UsernamePasswordAuthenticationFilter@2f37f1f9, org.springframework.security.web.authentication.ui.DefaultLoginPageGeneratingFilter@67c5ac52, org.springframework.security.web.authentication.ui.DefaultLogoutPageGeneratingFilter@7a0ef219, org.springframework.security.web.savedrequest.RequestCacheAwareFilter@1a865273, org.springframework.security.web.servletapi.SecurityContextHolderAwareRequestFilter@21079a12, org.springframework.security.web.authentication.AnonymousAuthenticationFilter@1b1f5012, org.springframework.security.web.session.SessionManagementFilter@672b72ba, org.springframework.security.web.access.ExceptionTranslationFilter@2b2f5fcf, org.springframework.security.web.access.intercept.FilterSecurityInterceptor@277bf091]
2022-09-29 10:09:31.478  INFO 15624 --- [main] o.s.b.w.embedded.tomcat.TomcatWebServer  : Tomcat started on port(s): 8080 (http) with context path ''
2022-09-29 10:09:31.489  INFO 15624 --- [main] c.example.SpringBootWebTestApplication   : Started SpringBootWebTestApplication in 2.352 seconds (JVM running for 3.295)
2022-09-29 10:09:31.745  INFO 15624 --- [http-nio-8080-exec-3] o.a.c.c.C.[Tomcat].[localhost].[/]       : Initializing Spring DispatcherServlet 'dispatcherServlet'
2022-09-29 10:09:31.745  INFO 15624 --- [http-nio-8080-exec-3] o.s.web.servlet.DispatcherServlet        : Initializing Servlet 'dispatcherServlet'
2022-09-29 10:09:31.746  INFO 15624 --- [http-nio-8080-exec-3] o.s.web.servlet.DispatcherServlet        : Completed initialization in 1 ms
2022-09-29 10:09:48.065  INFO 9212 --- [main] c.example.SpringBootWebTestApplication   : Starting SpringBootWebTestApplication using Java 1.8.0_312 on DESKTOP-LL2A6I5 with PID 9212 (E:\java_s\springBootLearn\springBootWebTest\target\classes started by 86177 in E:\java_s\springBootLearn\springBootWebTest)
2022-09-29 10:09:48.067  INFO 9212 --- [main] c.example.SpringBootWebTestApplication   : The following 1 profile is active: "prod"
2022-09-29 10:09:49.072  INFO 9212 --- [main] o.s.b.w.embedded.tomcat.TomcatWebServer  : Tomcat initialized with port(s): 80 (http)
2022-09-29 10:09:49.073  INFO 9212 --- [main] o.a.catalina.core.AprLifecycleListener   : Loaded Apache Tomcat Native library [2.0.1] using APR version [1.7.0].
2022-09-29 10:09:49.073  INFO 9212 --- [main] o.a.catalina.core.AprLifecycleListener   : APR capabilities: IPv6 [true], sendfile [true], accept filters [false], random [true], UDS [true].
2022-09-29 10:09:49.073  INFO 9212 --- [main] o.a.catalina.core.AprLifecycleListener   : APR/OpenSSL configuration: useAprConnector [false], useOpenSSL [true]
2022-09-29 10:09:49.078  INFO 9212 --- [main] o.a.catalina.core.AprLifecycleListener   : OpenSSL successfully initialized [OpenSSL 3.0.5 5 Jul 2022]
2022-09-29 10:09:49.087  INFO 9212 --- [main] o.apache.catalina.core.StandardService   : Starting service [Tomcat]
2022-09-29 10:09:49.087  INFO 9212 --- [main] org.apache.catalina.core.StandardEngine  : Starting Servlet engine: [Apache Tomcat/9.0.65]
2022-09-29 10:09:49.178  INFO 9212 --- [main] o.a.c.c.C.[Tomcat].[localhost].[/]       : Initializing Spring embedded WebApplicationContext
2022-09-29 10:09:49.178  INFO 9212 --- [main] w.s.c.ServletWebServerApplicationContext : Root WebApplicationContext: initialization completed in 1071 ms
2022-09-29 10:09:49.415  INFO 9212 --- [main] o.s.b.a.w.s.WelcomePageHandlerMapping    : Adding welcome page template: index
2022-09-29 10:09:49.817  INFO 9212 --- [main] o.s.s.web.DefaultSecurityFilterChain     : Will secure any request with [org.springframework.security.web.session.DisableEncodeUrlFilter@7a0ef219, org.springframework.security.web.context.request.async.WebAsyncManagerIntegrationFilter@1b1f5012, org.springframework.security.web.context.SecurityContextPersistenceFilter@1a865273, org.springframework.security.web.header.HeaderWriterFilter@672b72ba, org.springframework.security.web.csrf.CsrfFilter@7c36db44, org.springframework.security.web.authentication.logout.LogoutFilter@72f8ae0c, org.springframework.security.web.authentication.UsernamePasswordAuthenticationFilter@2af69643, org.springframework.security.web.authentication.ui.DefaultLoginPageGeneratingFilter@2b8bb184, org.springframework.security.web.authentication.ui.DefaultLogoutPageGeneratingFilter@7add323c, org.springframework.security.web.savedrequest.RequestCacheAwareFilter@4068102e, org.springframework.security.web.servletapi.SecurityContextHolderAwareRequestFilter@67c5ac52, org.springframework.security.web.authentication.AnonymousAuthenticationFilter@4a734c04, org.springframework.security.web.session.SessionManagementFilter@312b34e3, org.springframework.security.web.access.ExceptionTranslationFilter@711d1a52, org.springframework.security.web.access.intercept.FilterSecurityInterceptor@6a094db2]
2022-09-29 10:09:49.905  INFO 9212 --- [main] o.s.b.w.embedded.tomcat.TomcatWebServer  : Tomcat started on port(s): 80 (http) with context path ''
2022-09-29 10:09:49.914  INFO 9212 --- [main] c.example.SpringBootWebTestApplication   : Started SpringBootWebTestApplication in 2.369 seconds (JVM running for 3.282)
2022-09-29 10:12:58.638  INFO 14808 --- [main] c.example.SpringBootWebTestApplication   : Starting SpringBootWebTestApplication using Java 1.8.0_312 on DESKTOP-LL2A6I5 with PID 14808 (E:\java_s\springBootLearn\springBootWebTest\target\classes started by 86177 in E:\java_s\springBootLearn\springBootWebTest)
2022-09-29 10:12:58.640  INFO 14808 --- [main] c.example.SpringBootWebTestApplication   : The following 1 profile is active: "prod"
2022-09-29 10:12:59.653  INFO 14808 --- [main] o.s.b.w.embedded.tomcat.TomcatWebServer  : Tomcat initialized with port(s): 80 (http)
2022-09-29 10:12:59.654  INFO 14808 --- [main] o.a.catalina.core.AprLifecycleListener   : Loaded Apache Tomcat Native library [2.0.1] using APR version [1.7.0].
2022-09-29 10:12:59.654  INFO 14808 --- [main] o.a.catalina.core.AprLifecycleListener   : APR capabilities: IPv6 [true], sendfile [true], accept filters [false], random [true], UDS [true].
2022-09-29 10:12:59.654  INFO 14808 --- [main] o.a.catalina.core.AprLifecycleListener   : APR/OpenSSL configuration: useAprConnector [false], useOpenSSL [true]
2022-09-29 10:12:59.659  INFO 14808 --- [main] o.a.catalina.core.AprLifecycleListener   : OpenSSL successfully initialized [OpenSSL 3.0.5 5 Jul 2022]
2022-09-29 10:12:59.668  INFO 14808 --- [main] o.apache.catalina.core.StandardService   : Starting service [Tomcat]
2022-09-29 10:12:59.668  INFO 14808 --- [main] org.apache.catalina.core.StandardEngine  : Starting Servlet engine: [Apache Tomcat/9.0.65]
2022-09-29 10:12:59.765  INFO 14808 --- [main] o.a.c.c.C.[Tomcat].[localhost].[/]       : Initializing Spring embedded WebApplicationContext
2022-09-29 10:12:59.765  INFO 14808 --- [main] w.s.c.ServletWebServerApplicationContext : Root WebApplicationContext: initialization completed in 1082 ms
2022-09-29 10:12:59.973  INFO 14808 --- [main] o.s.b.a.w.s.WelcomePageHandlerMapping    : Adding welcome page template: index
2022-09-29 10:13:00.367  INFO 14808 --- [main] o.s.s.web.DefaultSecurityFilterChain     : Will secure any request with [org.springframework.security.web.session.DisableEncodeUrlFilter@25290bca, org.springframework.security.web.context.request.async.WebAsyncManagerIntegrationFilter@76563d26, org.springframework.security.web.context.SecurityContextPersistenceFilter@67c5ac52, org.springframework.security.web.header.HeaderWriterFilter@6c008c24, org.springframework.security.web.csrf.CsrfFilter@65a48602, org.springframework.security.web.authentication.logout.LogoutFilter@644ded04, org.springframework.security.web.authentication.UsernamePasswordAuthenticationFilter@5c77ba8f, org.springframework.security.web.authentication.ui.DefaultLoginPageGeneratingFilter@1ac4ccad, org.springframework.security.web.authentication.ui.DefaultLogoutPageGeneratingFilter@4ac86d6a, org.springframework.security.web.savedrequest.RequestCacheAwareFilter@2b8bb184, org.springframework.security.web.servletapi.SecurityContextHolderAwareRequestFilter@60cf62ad, org.springframework.security.web.authentication.AnonymousAuthenticationFilter@3d904e9c, org.springframework.security.web.session.SessionManagementFilter@21079a12, org.springframework.security.web.access.ExceptionTranslationFilter@1a865273, org.springframework.security.web.access.intercept.FilterSecurityInterceptor@2af69643]
2022-09-29 10:13:00.459  INFO 14808 --- [main] o.s.b.w.embedded.tomcat.TomcatWebServer  : Tomcat started on port(s): 80 (http) with context path ''
2022-09-29 10:13:00.469  INFO 14808 --- [main] c.example.SpringBootWebTestApplication   : Started SpringBootWebTestApplication in 2.358 seconds (JVM running for 3.341)
2022-09-29 10:23:04.973  INFO 15520 --- [main] c.example.SpringBootWebTestApplication   : Starting SpringBootWebTestApplication using Java 1.8.0_312 on DESKTOP-LL2A6I5 with PID 15520 (E:\java_s\springBootLearn\springBootWebTest\target\classes started by 86177 in E:\java_s\springBootLearn\springBootWebTest)
2022-09-29 10:23:04.977  INFO 15520 --- [main] c.example.SpringBootWebTestApplication   : The following 1 profile is active: "dev"
2022-09-29 10:23:06.180  INFO 15520 --- [main] o.s.b.w.embedded.tomcat.TomcatWebServer  : Tomcat initialized with port(s): 8080 (http)
2022-09-29 10:23:06.181  INFO 15520 --- [main] o.a.catalina.core.AprLifecycleListener   : Loaded Apache Tomcat Native library [2.0.1] using APR version [1.7.0].
2022-09-29 10:23:06.182  INFO 15520 --- [main] o.a.catalina.core.AprLifecycleListener   : APR capabilities: IPv6 [true], sendfile [true], accept filters [false], random [true], UDS [true].
2022-09-29 10:23:06.182  INFO 15520 --- [main] o.a.catalina.core.AprLifecycleListener   : APR/OpenSSL configuration: useAprConnector [false], useOpenSSL [true]
2022-09-29 10:23:06.187  INFO 15520 --- [main] o.a.catalina.core.AprLifecycleListener   : OpenSSL successfully initialized [OpenSSL 3.0.5 5 Jul 2022]
2022-09-29 10:23:06.197  INFO 15520 --- [main] o.apache.catalina.core.StandardService   : Starting service [Tomcat]
2022-09-29 10:23:06.198  INFO 15520 --- [main] org.apache.catalina.core.StandardEngine  : Starting Servlet engine: [Apache Tomcat/9.0.65]
2022-09-29 10:23:06.302  INFO 15520 --- [main] o.a.c.c.C.[Tomcat].[localhost].[/]       : Initializing Spring embedded WebApplicationContext
2022-09-29 10:23:06.302  INFO 15520 --- [main] w.s.c.ServletWebServerApplicationContext : Root WebApplicationContext: initialization completed in 1269 ms
2022-09-29 10:23:06.558  INFO 15520 --- [main] o.s.b.a.w.s.WelcomePageHandlerMapping    : Adding welcome page template: index
2022-09-29 10:23:07.002  INFO 15520 --- [main] o.s.s.web.DefaultSecurityFilterChain     : Will secure any request with [org.springframework.security.web.session.DisableEncodeUrlFilter@508a65bf, org.springframework.security.web.context.request.async.WebAsyncManagerIntegrationFilter@17f2dd85, org.springframework.security.web.context.SecurityContextPersistenceFilter@dc79225, org.springframework.security.web.header.HeaderWriterFilter@67c5ac52, org.springframework.security.web.csrf.CsrfFilter@1f11f64e, org.springframework.security.web.authentication.logout.LogoutFilter@5300cac, org.springframework.security.web.authentication.UsernamePasswordAuthenticationFilter@7add323c, org.springframework.security.web.authentication.ui.DefaultLoginPageGeneratingFilter@72f8ae0c, org.springframework.security.web.authentication.ui.DefaultLogoutPageGeneratingFilter@1e58512c, org.springframework.security.web.savedrequest.RequestCacheAwareFilter@46185a1b, org.springframework.security.web.servletapi.SecurityContextHolderAwareRequestFilter@14982a82, org.springframework.security.web.authentication.AnonymousAuthenticationFilter@210308d5, org.springframework.security.web.session.SessionManagementFilter@2b8bb184, org.springframework.security.web.access.ExceptionTranslationFilter@6c008c24, org.springframework.security.web.access.intercept.FilterSecurityInterceptor@4047d2d9]
2022-09-29 10:23:07.101  INFO 15520 --- [main] o.s.b.w.embedded.tomcat.TomcatWebServer  : Tomcat started on port(s): 8080 (http) with context path ''
2022-09-29 10:23:07.112  INFO 15520 --- [main] c.example.SpringBootWebTestApplication   : Started SpringBootWebTestApplication in 2.751 seconds (JVM running for 3.95)
2022-09-29 10:23:07.802  INFO 15520 --- [http-nio-8080-exec-2] o.a.c.c.C.[Tomcat].[localhost].[/]       : Initializing Spring DispatcherServlet 'dispatcherServlet'
2022-09-29 10:23:07.803  INFO 15520 --- [http-nio-8080-exec-2] o.s.web.servlet.DispatcherServlet        : Initializing Servlet 'dispatcherServlet'
2022-09-29 10:23:07.805  INFO 15520 --- [http-nio-8080-exec-2] o.s.web.servlet.DispatcherServlet        : Completed initialization in 2 ms
